<?xml version="1.0" encoding="UTF-8"?>
<!-- Generated by org.testng.reporters.JUnitXMLReporter -->
<testsuite ignored="0" hostname="DESKTOP-JGGV311" failures="0" tests="5" name="Default test" time="1.187" errors="0" timestamp="2023-09-07T00:35:06 IST">
  <testcase classname="com.DEMO.Demo" name="test" time="0.046"/>
  <testcase classname="com.DEMO.Demo" name="test" time="0.029"/>
  <testcase classname="com.DEMO.Demo" name="m1" time="0.122"/>
  <testcase classname="com.DEMO.Demo" name="m2" time="0.016"/>
  <testcase classname="com.DEMO.Demo" name="m3" time="0.038"/>
</testsuite> <!-- Default test -->
