<?xml version="1.0" encoding="UTF-8"?>
<!-- Generated by org.testng.reporters.JUnitXMLReporter -->
<testsuite ignored="0" hostname="DESKTOP-JGGV311" failures="0" tests="5" name="Default test" time="1.815" errors="0" timestamp="2024-07-17T21:13:14 IST">
  <testcase classname="com.DEMO.Demo" name="test" time="0.054"/>
  <testcase classname="com.DEMO.Demo" name="test" time="0.056"/>
  <testcase classname="com.DEMO.Demo" name="m1" time="0.192"/>
  <testcase classname="com.DEMO.Demo" name="m2" time="0.043"/>
  <testcase classname="com.DEMO.Demo" name="m3" time="0.073"/>
</testsuite> <!-- Default test -->
