<?xml version="1.0" encoding="UTF-8"?>
<!-- Generated by org.testng.reporters.JUnitXMLReporter -->
<testsuite ignored="0" hostname="DESKTOP-JGGV311" failures="1" tests="6" name="sample" time="0.942" errors="0" timestamp="2023-09-05T01:38:36 IST">
  <testcase classname="com.DEMO.Demo" name="m1" time="0.148">
    <failure type="java.lang.AssertionError" message="expected [true] but found [false]">
      <![CDATA[java.lang.AssertionError: expected [true] but found [false]
at com.DEMO.Demo.m1(Demo.java:21)
at java.base/java.util.ArrayList.forEach(ArrayList.java:1511)
... Removed 31 stack frames]]>
    </failure>
  </testcase> <!-- m1 -->
  <testcase classname="com.DEMO.Demo" name="m2" time="0.001">
    <skipped/>
  </testcase> <!-- m2 -->
  <testcase classname="com.DEMO.Demo" name="m3" time="0.0">
    <skipped/>
  </testcase> <!-- m3 -->
  <testcase classname="com.DEMO.Demo1" name="m4" time="0.001">
    <skipped/>
  </testcase> <!-- m4 -->
  <testcase classname="com.DEMO.Demo1" name="m5" time="0.002">
    <skipped/>
  </testcase> <!-- m5 -->
  <testcase classname="com.DEMO.Demo1" name="m6" time="0.012"/>
</testsuite> <!-- sample -->
