<?xml version="1.0" encoding="UTF-8"?>
<!-- Generated by org.testng.reporters.JUnitXMLReporter -->
<testsuite ignored="1" hostname="DESKTOP-JGGV311" failures="0" tests="9" name="testng report" time="1.395" errors="0" timestamp="2023-07-17T21:35:24 IST">
  <testcase classname="com.testng.Annotations" name="logintest" time="0.062"/>
  <testcase classname="com.testng.Annotations" name="homepagetest" time="0.039"/>
  <testcase classname="com.testng.Dataprovider" name="logintest" time="0.028"/>
  <testcase classname="com.testng.Dataprovider" name="logintest" time="0.025"/>
  <testcase classname="com.testng.Dataprovider" name="homepagetest" time="0.017"/>
  <testcase classname="com.testng.Dataprovider" name="homepagetest" time="0.024"/>
  <testcase classname="com.testng.KeywordsAnnotations" name="logintest" time="0.014"/>
  <testcase classname="com.testng.KeywordsAnnotations" name="dealstest" time="0.073">
    <skipped/>
  </testcase> <!-- dealstest -->
  <testcase classname="com.testng.KeywordsAnnotations" name="claimtest" time="0.011"/>
  <testcase classname="com.testng.KeywordsAnnotations" name="homepagetest" time="0.0">
    <ignored/>
  </testcase> <!-- homepagetest -->
</testsuite> <!-- testng report -->
