<?xml version="1.0" encoding="UTF-8"?>
<!-- Generated by org.testng.reporters.JUnitXMLReporter -->
<testsuite ignored="1" hostname="DESKTOP-JGGV311" failures="0" tests="9" name="testng report" time="1.023" errors="0" timestamp="2023-08-20T17:30:26 IST">
  <testcase classname="com.testng.Annotations" name="logintest" time="0.055"/>
  <testcase classname="com.testng.Annotations" name="homepagetest" time="0.018"/>
  <testcase classname="com.testng.Dataprovider" name="logintest" time="0.018"/>
  <testcase classname="com.testng.Dataprovider" name="logintest" time="0.014"/>
  <testcase classname="com.testng.Dataprovider" name="homepagetest" time="0.046"/>
  <testcase classname="com.testng.Dataprovider" name="homepagetest" time="0.012"/>
  <testcase classname="com.testng.KeywordsAnnotations" name="logintest" time="0.03"/>
  <testcase classname="com.testng.KeywordsAnnotations" name="dealstest" time="0.046">
    <skipped/>
  </testcase> <!-- dealstest -->
  <testcase classname="com.testng.KeywordsAnnotations" name="claimtest" time="0.01"/>
  <testcase classname="com.testng.KeywordsAnnotations" name="homepagetest" time="0.0">
    <ignored/>
  </testcase> <!-- homepagetest -->
</testsuite> <!-- testng report -->
