<?xml version="1.0" encoding="UTF-8"?>
<!-- Generated by org.testng.reporters.JUnitXMLReporter -->
<testsuite ignored="2" hostname="DESKTOP-JGGV311" failures="0" tests="2" name="Default test(failed)(failed)" time="0.523" errors="0" timestamp="2023-08-21T00:44:58 IST">
  <testcase classname="com.testng.KeywordsAnnotations" name="logintest" time="0.067"/>
  <testcase classname="com.testng.KeywordsAnnotations" name="dealstest" time="0.039">
    <skipped/>
  </testcase> <!-- dealstest -->
  <testcase classname="com.testng.KeywordsAnnotations" name="homepagetest" time="0.0">
    <ignored/>
  </testcase> <!-- homepagetest -->
  <testcase classname="com.testng.KeywordsAnnotations" name="claimtest" time="0.0">
    <ignored/>
  </testcase> <!-- claimtest -->
</testsuite> <!-- Default test(failed)(failed) -->
