<?xml version="1.0" encoding="UTF-8"?>
<testng-results ignored="1" total="10" passed="8" failed="0" skipped="1">
  <reporter-output>
  </reporter-output>
  <suite started-at="2024-06-25T13:53:53 IST" name="Suite1" finished-at="2024-06-25T13:53:56 IST" duration-ms="3553">
    <groups>
      <group name="regression">
        <method signature="Annotations.homepagetest()[pri:2, instance:com.testng.Annotations@793f29ff]" name="homepagetest" class="com.testng.Annotations"/>
      </group> <!-- regression -->
      <group name="sanity">
        <method signature="Annotations.logintest()[pri:1, instance:com.testng.Annotations@793f29ff]" name="logintest" class="com.testng.Annotations"/>
      </group> <!-- sanity -->
    </groups>
    <test started-at="2024-06-25T13:53:53 IST" name="testng report" finished-at="2024-06-25T13:53:56 IST" duration-ms="3553">
      <class name="com.testng.KeywordsAnnotations">
        <test-method signature="logintest(java.lang.String,java.lang.String)[pri:5, instance:com.testng.KeywordsAnnotations@1ca3b418]" started-at="2024-06-25T13:53:55 IST" name="logintest" finished-at="2024-06-25T13:53:55 IST" duration-ms="99" status="PASS">
          <params>
            <param index="0">
              <value>
                <![CDATA[raju]]>
              </value>
            </param>
            <param index="1">
              <value>
                <![CDATA[ravi]]>
              </value>
            </param>
          </params>
          <reporter-output>
          </reporter-output>
        </test-method> <!-- logintest -->
        <test-method signature="dealstest()[pri:6, instance:com.testng.KeywordsAnnotations@1ca3b418]" started-at="2024-06-25T13:53:56 IST" name="dealstest" finished-at="2024-06-25T13:53:56 IST" duration-ms="197" status="SKIP">
          <exception class="org.testng.SkipException">
            <message>
              <![CDATA[throw exception]]>
            </message>
            <full-stacktrace>
              <![CDATA[org.testng.SkipException: throw exception
at com.testng.KeywordsAnnotations.dealstest(KeywordsAnnotations.java:30)
at java.base/jdk.internal.reflect.NativeMethodAccessorImpl.invoke0(Native Method)
at java.base/jdk.internal.reflect.NativeMethodAccessorImpl.invoke(NativeMethodAccessorImpl.java:62)
at java.base/jdk.internal.reflect.DelegatingMethodAccessorImpl.invoke(DelegatingMethodAccessorImpl.java:43)
at java.base/java.lang.reflect.Method.invoke(Method.java:566)
at org.testng.internal.MethodInvocationHelper.invokeMethod(MethodInvocationHelper.java:133)
at org.testng.internal.TestInvoker.invokeMethod(TestInvoker.java:598)
at org.testng.internal.TestInvoker.invokeTestMethod(TestInvoker.java:173)
at org.testng.internal.MethodRunner.runInSequence(MethodRunner.java:46)
at org.testng.internal.TestInvoker$MethodInvocationAgent.invoke(TestInvoker.java:824)
at org.testng.internal.TestInvoker.invokeTestMethods(TestInvoker.java:146)
at org.testng.internal.TestMethodWorker.invokeTestMethods(TestMethodWorker.java:146)
at org.testng.internal.TestMethodWorker.run(TestMethodWorker.java:128)
at java.base/java.util.ArrayList.forEach(ArrayList.java:1541)
at org.testng.TestRunner.privateRun(TestRunner.java:794)
at org.testng.TestRunner.run(TestRunner.java:596)
at org.testng.SuiteRunner.runTest(SuiteRunner.java:377)
at org.testng.SuiteRunner.runSequentially(SuiteRunner.java:371)
at org.testng.SuiteRunner.privateRun(SuiteRunner.java:332)
at org.testng.SuiteRunner.run(SuiteRunner.java:276)
at org.testng.SuiteRunnerWorker.runSuite(SuiteRunnerWorker.java:53)
at org.testng.SuiteRunnerWorker.run(SuiteRunnerWorker.java:96)
at org.testng.TestNG.runSuitesSequentially(TestNG.java:1212)
at org.testng.TestNG.runSuitesLocally(TestNG.java:1134)
at org.testng.TestNG.runSuites(TestNG.java:1063)
at org.testng.TestNG.run(TestNG.java:1031)
at org.testng.remote.AbstractRemoteTestNG.run(AbstractRemoteTestNG.java:115)
at org.testng.remote.RemoteTestNG.initAndRun(RemoteTestNG.java:293)
at org.testng.remote.RemoteTestNG.main(RemoteTestNG.java:91)
]]>
            </full-stacktrace>
          </exception> <!-- org.testng.SkipException -->
          <reporter-output>
          </reporter-output>
        </test-method> <!-- dealstest -->
        <test-method signature="claimtest()[pri:7, instance:com.testng.KeywordsAnnotations@1ca3b418]" started-at="2024-06-25T13:53:56 IST" name="claimtest" finished-at="2024-06-25T13:53:56 IST" duration-ms="66" status="PASS">
          <reporter-output>
          </reporter-output>
        </test-method> <!-- claimtest -->
      </class> <!-- com.testng.KeywordsAnnotations -->
      <class name="com.testng.Annotations">
        <test-method is-config="true" signature="laoreuchsetup()[pri:0, instance:com.testng.Annotations@793f29ff]" started-at="2024-06-25T13:53:52 IST" name="laoreuchsetup" finished-at="2024-06-25T13:53:52 IST" duration-ms="229" status="PASS">
          <reporter-output>
          </reporter-output>
        </test-method> <!-- laoreuchsetup -->
        <test-method is-config="true" signature="openurl()[pri:0, instance:com.testng.Annotations@793f29ff]" started-at="2024-06-25T13:53:53 IST" name="openurl" finished-at="2024-06-25T13:53:53 IST" duration-ms="6" status="PASS">
          <reporter-output>
          </reporter-output>
        </test-method> <!-- openurl -->
        <test-method is-config="true" signature="browserlaunch()[pri:0, instance:com.testng.Annotations@793f29ff]" started-at="2024-06-25T13:53:53 IST" name="browserlaunch" finished-at="2024-06-25T13:53:54 IST" duration-ms="5" status="PASS">
          <reporter-output>
          </reporter-output>
        </test-method> <!-- browserlaunch -->
        <test-method is-config="true" signature="appopen()[pri:0, instance:com.testng.Annotations@793f29ff]" started-at="2024-06-25T13:53:54 IST" name="appopen" finished-at="2024-06-25T13:53:54 IST" duration-ms="22" status="PASS">
          <reporter-output>
          </reporter-output>
        </test-method> <!-- appopen -->
        <test-method signature="logintest()[pri:1, instance:com.testng.Annotations@793f29ff]" started-at="2024-06-25T13:53:54 IST" name="logintest" finished-at="2024-06-25T13:53:54 IST" duration-ms="136" status="PASS">
          <reporter-output>
          </reporter-output>
        </test-method> <!-- logintest -->
        <test-method is-config="true" signature="closeapp()[pri:0, instance:com.testng.Annotations@793f29ff]" started-at="2024-06-25T13:53:54 IST" name="closeapp" finished-at="2024-06-25T13:53:54 IST" duration-ms="2" status="PASS">
          <reporter-output>
          </reporter-output>
        </test-method> <!-- closeapp -->
        <test-method is-config="true" signature="appopen()[pri:0, instance:com.testng.Annotations@793f29ff]" started-at="2024-06-25T13:53:54 IST" name="appopen" finished-at="2024-06-25T13:53:54 IST" duration-ms="1" status="PASS">
          <reporter-output>
          </reporter-output>
        </test-method> <!-- appopen -->
        <test-method signature="homepagetest()[pri:2, instance:com.testng.Annotations@793f29ff]" started-at="2024-06-25T13:53:54 IST" name="homepagetest" finished-at="2024-06-25T13:53:54 IST" duration-ms="21" status="PASS">
          <reporter-output>
          </reporter-output>
        </test-method> <!-- homepagetest -->
        <test-method is-config="true" signature="closeapp()[pri:0, instance:com.testng.Annotations@793f29ff]" started-at="2024-06-25T13:53:54 IST" name="closeapp" finished-at="2024-06-25T13:53:54 IST" duration-ms="2" status="PASS">
          <reporter-output>
          </reporter-output>
        </test-method> <!-- closeapp -->
        <test-method is-config="true" signature="browserclose()[pri:0, instance:com.testng.Annotations@793f29ff]" started-at="2024-06-25T13:53:54 IST" name="browserclose" finished-at="2024-06-25T13:53:54 IST" duration-ms="2" status="PASS">
          <reporter-output>
          </reporter-output>
        </test-method> <!-- browserclose -->
        <test-method is-config="true" signature="urlclose()[pri:0, instance:com.testng.Annotations@793f29ff]" started-at="2024-06-25T13:53:56 IST" name="urlclose" finished-at="2024-06-25T13:53:56 IST" duration-ms="7" status="PASS">
          <reporter-output>
          </reporter-output>
        </test-method> <!-- urlclose -->
        <test-method is-config="true" signature="closestop()[pri:0, instance:com.testng.Annotations@793f29ff]" started-at="2024-06-25T13:53:58 IST" name="closestop" finished-at="2024-06-25T13:53:58 IST" duration-ms="5" status="PASS">
          <reporter-output>
          </reporter-output>
        </test-method> <!-- closestop -->
      </class> <!-- com.testng.Annotations -->
      <class name="com.testng.Dataprovider">
        <test-method signature="logintest(java.lang.String,java.lang.String)[pri:3, instance:com.testng.Dataprovider@3b0fe47a]" started-at="2024-06-25T13:53:54 IST" name="logintest" data-provider="homedata" finished-at="2024-06-25T13:53:55 IST" duration-ms="61" status="PASS">
          <params>
            <param index="0">
              <value>
                <![CDATA[RAJU]]>
              </value>
            </param>
            <param index="1">
              <value>
                <![CDATA[RANI]]>
              </value>
            </param>
          </params>
          <reporter-output>
          </reporter-output>
        </test-method> <!-- logintest -->
        <test-method signature="logintest(java.lang.String,java.lang.String)[pri:3, instance:com.testng.Dataprovider@3b0fe47a]" started-at="2024-06-25T13:53:55 IST" name="logintest" data-provider="homedata" finished-at="2024-06-25T13:53:55 IST" duration-ms="84" status="PASS">
          <params>
            <param index="0">
              <value>
                <![CDATA[CHERRY]]>
              </value>
            </param>
            <param index="1">
              <value>
                <![CDATA[TONY]]>
              </value>
            </param>
          </params>
          <reporter-output>
          </reporter-output>
        </test-method> <!-- logintest -->
        <test-method signature="homepagetest(java.lang.String,java.lang.String)[pri:4, instance:com.testng.Dataprovider@3b0fe47a]" started-at="2024-06-25T13:53:55 IST" name="homepagetest" data-provider="homedata" finished-at="2024-06-25T13:53:55 IST" duration-ms="98" status="PASS">
          <params>
            <param index="0">
              <value>
                <![CDATA[RAJU]]>
              </value>
            </param>
            <param index="1">
              <value>
                <![CDATA[RANI]]>
              </value>
            </param>
          </params>
          <reporter-output>
          </reporter-output>
        </test-method> <!-- homepagetest -->
        <test-method signature="homepagetest(java.lang.String,java.lang.String)[pri:4, instance:com.testng.Dataprovider@3b0fe47a]" started-at="2024-06-25T13:53:55 IST" name="homepagetest" data-provider="homedata" finished-at="2024-06-25T13:53:55 IST" duration-ms="95" status="PASS">
          <params>
            <param index="0">
              <value>
                <![CDATA[CHERRY]]>
              </value>
            </param>
            <param index="1">
              <value>
                <![CDATA[TONY]]>
              </value>
            </param>
          </params>
          <reporter-output>
          </reporter-output>
        </test-method> <!-- homepagetest -->
      </class> <!-- com.testng.Dataprovider -->
    </test> <!-- testng report -->
  </suite> <!-- Suite1 -->
</testng-results>
