<?xml version="1.0" encoding="UTF-8"?>
<testng-results ignored="0" total="1" passed="1" failed="0" skipped="0">
  <reporter-output>
  </reporter-output>
  <suite started-at="2023-07-17T22:00:02 IST" name="Suite1" finished-at="2023-07-17T22:00:03 IST" duration-ms="1330">
    <groups>
      <group name="regression">
        <method signature="Annotations.homepagetest()[pri:2, instance:com.testng.Annotations@663c9e7a]" name="homepagetest" class="com.testng.Annotations"/>
      </group> <!-- regression -->
    </groups>
    <test started-at="2023-07-17T22:00:02 IST" name="sanity reports" finished-at="2023-07-17T22:00:03 IST" duration-ms="1330">
      <class name="com.testng.Annotations">
        <test-method signature="homepagetest()[pri:2, instance:com.testng.Annotations@663c9e7a]" started-at="2023-07-17T22:00:02 IST" name="homepagetest" finished-at="2023-07-17T22:00:03 IST" duration-ms="227" status="PASS">
          <reporter-output>
          </reporter-output>
        </test-method> <!-- homepagetest -->
      </class> <!-- com.testng.Annotations -->
    </test> <!-- sanity reports -->
  </suite> <!-- Suite1 -->
</testng-results>
